Flow report for Fan
Wed Dec 16 23:20:56 2020
Quartus Prime Version 20.1.0 Build 711 06/05/2020 SJ Lite Edition


---------------------
; Table of Contents ;
---------------------
  1. Legal Notice
  2. Flow Summary
  3. Flow Settings
  4. Flow Non-Default Global Settings
  5. Flow Elapsed Time
  6. Flow OS Summary
  7. Flow Log
  8. Flow Messages
  9. Flow Suppressed Messages



----------------
; Legal Notice ;
----------------
Copyright (C) 2020  Intel Corporation. All rights reserved.
Your use of Intel Corporation's design tools, logic functions 
and other software and tools, and any partner logic 
functions, and any output files from any of the foregoing 
(including device programming or simulation files), and any 
associated documentation or information are expressly subject 
to the terms and conditions of the Intel Program License 
Subscription Agreement, the Intel Quartus Prime License Agreement,
the Intel FPGA IP License Agreement, or other applicable license
agreement, including, without limitation, that your use is for
the sole purpose of programming logic devices manufactured by
Intel and sold by Intel or its authorized distributors.  Please
refer to the applicable agreement for further details, at
https://fpgasoftware.intel.com/eula.



+---------------------------------------------------------------------+
; Flow Summary                                                        ;
+-----------------------+---------------------------------------------+
; Flow Status           ; Successful - Wed Dec 16 23:20:56 2020       ;
; Quartus Prime Version ; 20.1.0 Build 711 06/05/2020 SJ Lite Edition ;
; Revision Name         ; Fan                                         ;
; Top-level Entity Name ; Fan                                         ;
; Family                ; MAX II                                      ;
; Device                ; EPM1270T144C5                               ;
; Timing Models         ; Final                                       ;
; Total logic elements  ; 577 / 1,270 ( 45 % )                        ;
; Total pins            ; 57 / 116 ( 49 % )                           ;
; Total virtual pins    ; 0                                           ;
; UFM blocks            ; 0 / 1 ( 0 % )                               ;
+-----------------------+---------------------------------------------+


+-----------------------------------------+
; Flow Settings                           ;
+-------------------+---------------------+
; Option            ; Setting             ;
+-------------------+---------------------+
; Start date & time ; 12/16/2020 23:20:38 ;
; Main task         ; Compilation         ;
; Revision Name     ; Fan                 ;
+-------------------+---------------------+


+-----------------------------------------------------------------------------------------------------------------------------------------+
; Flow Non-Default Global Settings                                                                                                        ;
+---------------------------------------+-------------------------------+---------------+-------------+-----------------------------------+
; Assignment Name                       ; Value                         ; Default Value ; Entity Name ; Section Id                        ;
+---------------------------------------+-------------------------------+---------------+-------------+-----------------------------------+
; COMPILER_SIGNATURE_ID                 ; 2543711158273.160813203811652 ; --            ; --          ; --                                ;
; EDA_DESIGN_INSTANCE_NAME              ; NA                            ; --            ; --          ; segled_tb                         ;
; EDA_DESIGN_INSTANCE_NAME              ; NA                            ; --            ; --          ; picture_tb                        ;
; EDA_DESIGN_INSTANCE_NAME              ; NA                            ; --            ; --          ; debounce_tb                       ;
; EDA_DESIGN_INSTANCE_NAME              ; NA                            ; --            ; --          ; CLK_n_tb                          ;
; EDA_DESIGN_INSTANCE_NAME              ; NA                            ; --            ; --          ; fix_time_tb                       ;
; EDA_GENERATE_FUNCTIONAL_NETLIST       ; Off                           ; --            ; --          ; eda_board_design_timing           ;
; EDA_GENERATE_FUNCTIONAL_NETLIST       ; Off                           ; --            ; --          ; eda_board_design_boundary_scan    ;
; EDA_GENERATE_FUNCTIONAL_NETLIST       ; Off                           ; --            ; --          ; eda_board_design_signal_integrity ;
; EDA_GENERATE_FUNCTIONAL_NETLIST       ; Off                           ; --            ; --          ; eda_board_design_symbol           ;
; EDA_NATIVELINK_SIMULATION_TEST_BENCH  ; fix_time_tb                   ; --            ; --          ; eda_simulation                    ;
; EDA_OUTPUT_DATA_FORMAT                ; Verilog Hdl                   ; --            ; --          ; eda_simulation                    ;
; EDA_SIMULATION_TOOL                   ; ModelSim-Altera (Verilog)     ; <None>        ; --          ; --                                ;
; EDA_TEST_BENCH_ENABLE_STATUS          ; TEST_BENCH_MODE               ; --            ; --          ; eda_simulation                    ;
; EDA_TEST_BENCH_FILE                   ; segled_tb.v                   ; --            ; --          ; segled_tb                         ;
; EDA_TEST_BENCH_FILE                   ; picture_tb.v                  ; --            ; --          ; picture_tb                        ;
; EDA_TEST_BENCH_FILE                   ; debounce_tb.v                 ; --            ; --          ; debounce_tb                       ;
; EDA_TEST_BENCH_FILE                   ; CLK_n_tb.v                    ; --            ; --          ; CLK_n_tb                          ;
; EDA_TEST_BENCH_FILE                   ; fix_time_tb.v                 ; --            ; --          ; fix_time_tb                       ;
; EDA_TEST_BENCH_MODULE_NAME            ; segled_tb                     ; --            ; --          ; segled_tb                         ;
; EDA_TEST_BENCH_MODULE_NAME            ; picture_tb                    ; --            ; --          ; picture_tb                        ;
; EDA_TEST_BENCH_MODULE_NAME            ; debounce_tb                   ; --            ; --          ; debounce_tb                       ;
; EDA_TEST_BENCH_MODULE_NAME            ; CLK_n_tb                      ; --            ; --          ; CLK_n_tb                          ;
; EDA_TEST_BENCH_MODULE_NAME            ; fix_time_tb                   ; --            ; --          ; fix_time_tb                       ;
; EDA_TEST_BENCH_NAME                   ; CLK_n_tb                      ; --            ; --          ; eda_simulation                    ;
; EDA_TEST_BENCH_NAME                   ; debounce_tb                   ; --            ; --          ; eda_simulation                    ;
; EDA_TEST_BENCH_NAME                   ; fix_time_tb                   ; --            ; --          ; eda_simulation                    ;
; EDA_TEST_BENCH_NAME                   ; picture_tb                    ; --            ; --          ; eda_simulation                    ;
; EDA_TEST_BENCH_NAME                   ; segled_tb                     ; --            ; --          ; eda_simulation                    ;
; EDA_TIME_SCALE                        ; 1 ps                          ; --            ; --          ; eda_simulation                    ;
; MAX_CORE_JUNCTION_TEMP                ; 85                            ; --            ; --          ; --                                ;
; MIN_CORE_JUNCTION_TEMP                ; 0                             ; --            ; --          ; --                                ;
; POWER_EXT_SUPPLY_VOLTAGE_TO_REGULATOR ; 3.3V                          ; --            ; --          ; --                                ;
; POWER_PRESET_COOLING_SOLUTION         ; No Heat Sink With Still Air   ; --            ; --          ; --                                ;
; PROJECT_OUTPUT_DIRECTORY              ; output_files                  ; --            ; --          ; --                                ;
+---------------------------------------+-------------------------------+---------------+-------------+-----------------------------------+


+--------------------------------------------------------------------------------------------------------------------------+
; Flow Elapsed Time                                                                                                        ;
+----------------------+--------------+-------------------------+---------------------+------------------------------------+
; Module Name          ; Elapsed Time ; Average Processors Used ; Peak Virtual Memory ; Total CPU Time (on all processors) ;
+----------------------+--------------+-------------------------+---------------------+------------------------------------+
; Analysis & Synthesis ; 00:00:08     ; 1.0                     ; 4717 MB             ; 00:00:20                           ;
; Fitter               ; 00:00:05     ; 1.0                     ; 5363 MB             ; 00:00:04                           ;
; Assembler            ; 00:00:00     ; 1.0                     ; 4667 MB             ; 00:00:00                           ;
; Timing Analyzer      ; 00:00:01     ; 1.0                     ; 4691 MB             ; 00:00:01                           ;
; EDA Netlist Writer   ; 00:00:00     ; 1.0                     ; 4627 MB             ; 00:00:01                           ;
; Total                ; 00:00:14     ; --                      ; --                  ; 00:00:26                           ;
+----------------------+--------------+-------------------------+---------------------+------------------------------------+


+------------------------------------------------------------------------------------+
; Flow OS Summary                                                                    ;
+----------------------+------------------+------------+------------+----------------+
; Module Name          ; Machine Hostname ; OS Name    ; OS Version ; Processor type ;
+----------------------+------------------+------------+------------+----------------+
; Analysis & Synthesis ; DESKTOP-LOVTB3V  ; Windows 10 ; 10.0       ; x86_64         ;
; Fitter               ; DESKTOP-LOVTB3V  ; Windows 10 ; 10.0       ; x86_64         ;
; Assembler            ; DESKTOP-LOVTB3V  ; Windows 10 ; 10.0       ; x86_64         ;
; Timing Analyzer      ; DESKTOP-LOVTB3V  ; Windows 10 ; 10.0       ; x86_64         ;
; EDA Netlist Writer   ; DESKTOP-LOVTB3V  ; Windows 10 ; 10.0       ; x86_64         ;
+----------------------+------------------+------------+------------+----------------+


------------
; Flow Log ;
------------
quartus_map --read_settings_files=on --write_settings_files=off Fan -c Fan
quartus_fit --read_settings_files=off --write_settings_files=off Fan -c Fan
quartus_asm --read_settings_files=off --write_settings_files=off Fan -c Fan
quartus_sta Fan -c Fan
quartus_eda --read_settings_files=off --write_settings_files=off Fan -c Fan



